<?xml version="1.0" encoding="UTF-8"?>
<!-- Generated by org.testng.reporters.JUnitReportReporter -->
<testsuite hostname="LAPTOP-K6D5BFPK" failures="0" tests="1" name="com.swaglabs.testcases.Verify_Gridview_Checkout" time="75.950" errors="0" timestamp="2021-09-02T23:31:16 IST" skipped="0">
  <testcase classname="com.swaglabs.testcases.Verify_Gridview_Checkout" name="Checkout" time="75.950"/>
  <system-out/>
</testsuite> <!-- com.swaglabs.testcases.Verify_Gridview_Checkout -->
