<?xml version="1.0" encoding="UTF-8"?>
<!-- Generated by org.testng.reporters.JUnitReportReporter -->
<testsuite hostname="LAPTOP-K6D5BFPK" failures="0" tests="2" name="com.swaglabs.testcases.Verify_Product_Checkoutpage" time="30.869" errors="0" timestamp="2021-09-05T09:26:31 IST" skipped="0">
  <testcase classname="com.swaglabs.testcases.Verify_Product_Checkoutpage" name="product_Checkout_Validation" time="19.570"/>
  <system-out/>
  <testcase classname="com.swaglabs.testcases.Verify_Product_Checkoutpage" name="checkoutOverview" time="11.299"/>
  <system-out/>
</testsuite> <!-- com.swaglabs.testcases.Verify_Product_Checkoutpage -->
