<?xml version="1.0" encoding="UTF-8"?>
<!-- Generated by org.testng.reporters.JUnitReportReporter -->
<testsuite hostname="LAPTOP-K6D5BFPK" failures="0" tests="1" name="com.swaglabs.testcases.Verify_Product_Checkoutpage" time="31.818" errors="0" timestamp="2021-09-02T18:53:12 IST" skipped="0">
  <testcase classname="com.swaglabs.testcases.Verify_Product_Checkoutpage" name="product_Checkout_Validation" time="31.818"/>
  <system-out/>
</testsuite> <!-- com.swaglabs.testcases.Verify_Product_Checkoutpage -->
