<?xml version="1.0" encoding="UTF-8"?>
<!-- Generated by org.testng.reporters.JUnitReportReporter -->
<testsuite hostname="LAPTOP-K6D5BFPK" failures="0" tests="1" name="com.swaglabs.testcases.Verify_DragAndDrop" time="31.548" errors="0" timestamp="2021-09-09T13:50:35 IST" skipped="0">
  <testcase classname="com.swaglabs.testcases.Verify_DragAndDrop" name="dragAndDrop_product" time="31.548"/>
  <system-out/>
</testsuite> <!-- com.swaglabs.testcases.Verify_DragAndDrop -->
