<?xml version="1.0" encoding="UTF-8"?>
<!-- Generated by org.testng.reporters.JUnitReportReporter -->
<testsuite hostname="LAPTOP-K6D5BFPK" failures="0" tests="2" name="com.swaglabs.testcases.Verify_Product_Checkoutpage" time="30.535" errors="0" timestamp="2021-09-09T13:50:35 IST" skipped="0">
  <testcase classname="com.swaglabs.testcases.Verify_Product_Checkoutpage" name="product_Checkout_Validation" time="19.387"/>
  <system-out/>
  <testcase classname="com.swaglabs.testcases.Verify_Product_Checkoutpage" name="checkoutOverview" time="11.148"/>
  <system-out/>
</testsuite> <!-- com.swaglabs.testcases.Verify_Product_Checkoutpage -->
