<?xml version="1.0" encoding="UTF-8"?>
<!-- Generated by org.testng.reporters.JUnitReportReporter -->
<testsuite hostname="LAPTOP-K6D5BFPK" failures="0" tests="1" name="com.swaglabs.testcases.Verify_Gridview_Checkout" time="74.814" errors="0" timestamp="2021-09-05T09:26:31 IST" skipped="0">
  <testcase classname="com.swaglabs.testcases.Verify_Gridview_Checkout" name="gridview_Checkout" time="74.814"/>
  <system-out/>
</testsuite> <!-- com.swaglabs.testcases.Verify_Gridview_Checkout -->
