<?xml version="1.0" encoding="UTF-8"?>
<!-- Generated by org.testng.reporters.JUnitReportReporter -->
<testsuite hostname="LAPTOP-K6D5BFPK" failures="0" tests="1" name="com.swaglabs.testcases.Verify_Listview_Multiple_Products_Checkout" time="47.341" errors="0" timestamp="2021-09-01T16:27:09 IST" skipped="0">
  <testcase classname="com.swaglabs.testcases.Verify_Listview_Multiple_Products_Checkout" name="listview_Checkout" time="47.341"/>
  <system-out/>
</testsuite> <!-- com.swaglabs.testcases.Verify_Listview_Multiple_Products_Checkout -->
