<?xml version="1.0" encoding="UTF-8"?>
<!-- Generated by org.testng.reporters.JUnitReportReporter -->
<testsuite hostname="LAPTOP-K6D5BFPK" failures="0" tests="1" name="com.swaglabs.testcases.Verify_Listview_Multiple_Products_Checkout" time="59.887" errors="0" timestamp="2021-09-03T12:59:36 IST" skipped="0">
  <testcase classname="com.swaglabs.testcases.Verify_Listview_Multiple_Products_Checkout" name="listview_MultipleProducts_Checkout" time="59.887"/>
  <system-out/>
</testsuite> <!-- com.swaglabs.testcases.Verify_Listview_Multiple_Products_Checkout -->
