<?xml version="1.0" encoding="UTF-8"?>
<!-- Generated by org.testng.reporters.JUnitReportReporter -->
<testsuite hostname="LAPTOP-K6D5BFPK" failures="0" tests="1" name="com.swaglabs.testcases.Verify_Listview_Add_Remove_Checkout" time="38.342" errors="0" timestamp="2021-09-02T18:53:12 IST" skipped="0">
  <testcase classname="com.swaglabs.testcases.Verify_Listview_Add_Remove_Checkout" name="listview_Checkout" time="38.342"/>
  <system-out/>
</testsuite> <!-- com.swaglabs.testcases.Verify_Listview_Add_Remove_Checkout -->
