<?xml version="1.0" encoding="UTF-8"?>
<!-- Generated by org.testng.reporters.JUnitReportReporter -->
<testsuite hostname="LAPTOP-K6D5BFPK" failures="0" tests="1" name="com.swaglabs.testcases.Verify_Listview_Add_Remove_Checkout" time="45.667" errors="0" timestamp="2021-09-05T09:26:31 IST" skipped="0">
  <testcase classname="com.swaglabs.testcases.Verify_Listview_Add_Remove_Checkout" name="listview_Add_Remove_Checkout" time="45.667"/>
  <system-out/>
</testsuite> <!-- com.swaglabs.testcases.Verify_Listview_Add_Remove_Checkout -->
